<?xml version="1.0" encoding="UTF-8"?>
<!-- Generated by org.testng.reporters.JUnitXMLReporter -->
<testsuite ignored="0" hostname="DESKTOP-7V1EHS3" failures="0" tests="3" name="Default test" time="1.414" errors="0" timestamp="2021-10-26T12:36:24 PDT">
  <testcase classname="com.apex.api.cutomer.jaxb.poi.test.CustomerPostTest" name="postAPITest" time="0.348"/>
  <testcase classname="com.apex.api.cutomer.jaxb.poi.test.CustomerPostTest" name="postAPITest" time="0.009"/>
  <testcase classname="com.apex.api.cutomer.jaxb.poi.test.CustomerPostTest" name="testPostForExposedEndpoint" time="0.006"/>
</testsuite> <!-- Default test -->
