<?xml version="1.0" encoding="UTF-8"?>
<testng-results ignored="0" total="3" passed="3" failed="0" skipped="0">
  <reporter-output>
  </reporter-output>
  <suite started-at="2021-10-26T12:36:23 PDT" name="Default suite" finished-at="2021-10-26T12:36:24 PDT" duration-ms="1414">
    <groups>
    </groups>
    <test started-at="2021-10-26T12:36:23 PDT" name="Default test" finished-at="2021-10-26T12:36:24 PDT" duration-ms="1414">
      <class name="com.apex.api.cutomer.jaxb.poi.test.CustomerPostTest">
        <test-method signature="postAPITest(java.lang.String,java.lang.String)[pri:0, instance:com.apex.api.cutomer.jaxb.poi.test.CustomerPostTest@5f9b2141]" started-at="2021-10-26T12:36:24 PDT" name="postAPITest" data-provider="dp2" finished-at="2021-10-26T12:36:24 PDT" duration-ms="348" status="PASS">
          <params>
            <param index="0">
              <value>
                <![CDATA[Morpheus]]>
              </value>
            </param>
            <param index="1">
              <value>
                <![CDATA[leader]]>
              </value>
            </param>
          </params>
          <reporter-output>
          </reporter-output>
        </test-method> <!-- postAPITest -->
        <test-method signature="postAPITest(java.lang.String,java.lang.String)[pri:0, instance:com.apex.api.cutomer.jaxb.poi.test.CustomerPostTest@5f9b2141]" started-at="2021-10-26T12:36:24 PDT" name="postAPITest" data-provider="dp2" finished-at="2021-10-26T12:36:24 PDT" duration-ms="9" status="PASS">
          <params>
            <param index="0">
              <value>
                <![CDATA[Swastik]]>
              </value>
            </param>
            <param index="1">
              <value>
                <![CDATA[Developer]]>
              </value>
            </param>
          </params>
          <reporter-output>
          </reporter-output>
        </test-method> <!-- postAPITest -->
        <test-method signature="testPostForExposedEndpoint()[pri:0, instance:com.apex.api.cutomer.jaxb.poi.test.CustomerPostTest@5f9b2141]" started-at="2021-10-26T12:36:24 PDT" name="testPostForExposedEndpoint" finished-at="2021-10-26T12:36:24 PDT" duration-ms="6" status="PASS">
          <reporter-output>
          </reporter-output>
        </test-method> <!-- testPostForExposedEndpoint -->
      </class> <!-- com.apex.api.cutomer.jaxb.poi.test.CustomerPostTest -->
    </test> <!-- Default test -->
  </suite> <!-- Default suite -->
</testng-results>
